This file contains any messages produced by compilers while
running configure, to aid debugging if configure makes a mistake.

It was created by hdet configure 20110527, which was
generated by GNU Autoconf 2.63.  Invocation command line was

  $ ./configure --prefix=/usr

## --------- ##
## Platform. ##
## --------- ##

hostname = easyDev2
uname -m = i686
uname -r = 3.2.0-32-generic-pae
uname -s = Linux
uname -v = #51-Ubuntu SMP Thu Oct 11 16:32:57 UTC 2012

/usr/bin/uname -p = unknown
/bin/uname -X     = unknown

/bin/arch              = unknown
/usr/bin/arch -k       = unknown
/usr/convex/getsysinfo = unknown
/usr/bin/hostinfo      = unknown
/bin/machine           = unknown
/usr/bin/oslevel       = unknown
/bin/universe          = unknown

PATH: /usr/local/sbin
PATH: /usr/local/bin
PATH: /usr/sbin
PATH: /usr/bin
PATH: /sbin
PATH: /bin
PATH: /usr/games


## ----------- ##
## Core tests. ##
## ----------- ##

configure:1874: checking for a BSD-compatible install
configure:1942: result: /usr/bin/install -c
configure:1953: checking whether build environment is sane
configure:2013: result: yes
configure:2154: checking for a thread-safe mkdir -p
configure:2193: result: /bin/mkdir -p
configure:2206: checking for gawk
configure:2222: found /usr/bin/gawk
configure:2233: result: gawk
configure:2244: checking whether make sets $(MAKE)
configure:2266: result: yes
configure:2399: checking for gcc
configure:2415: found /usr/bin/gcc
configure:2426: result: gcc
configure:2658: checking for C compiler version
configure:2666: gcc --version >&5
gcc (Ubuntu/Linaro 4.6.1-9ubuntu3) 4.6.1
Copyright (C) 2011 Free Software Foundation, Inc.
This is free software; see the source for copying conditions.  There is NO
warranty; not even for MERCHANTABILITY or FITNESS FOR A PARTICULAR PURPOSE.

configure:2670: $? = 0
configure:2677: gcc -v >&5
Using built-in specs.
COLLECT_GCC=gcc
COLLECT_LTO_WRAPPER=/usr/lib/gcc/i686-linux-gnu/4.6.1/lto-wrapper
Target: i686-linux-gnu
Configured with: ../src/configure -v --with-pkgversion='Ubuntu/Linaro 4.6.1-9ubuntu3' --with-bugurl=file:///usr/share/doc/gcc-4.6/README.Bugs --enable-languages=c,c++,fortran,objc,obj-c++,go --prefix=/usr --program-suffix=-4.6 --enable-shared --enable-linker-build-id --with-system-zlib --libexecdir=/usr/lib --without-included-gettext --enable-threads=posix --with-gxx-include-dir=/usr/include/c++/4.6 --libdir=/usr/lib --enable-nls --with-sysroot=/ --enable-clocale=gnu --enable-libstdcxx-debug --enable-libstdcxx-time=yes --enable-plugin --enable-objc-gc --enable-targets=all --disable-werror --with-arch-32=i686 --with-tune=generic --enable-checking=release --build=i686-linux-gnu --host=i686-linux-gnu --target=i686-linux-gnu
Thread model: posix
gcc version 4.6.1 (Ubuntu/Linaro 4.6.1-9ubuntu3) 
configure:2681: $? = 0
configure:2688: gcc -V >&5
gcc: error: unrecognized option '-V'
gcc: fatal error: no input files
compilation terminated.
configure:2692: $? = 4
configure:2715: checking for C compiler default output file name
configure:2737: gcc -g -O2  -Wl,-Bsymbolic-functions conftest.c  >&5
configure:2741: $? = 0
configure:2779: result: a.out
configure:2798: checking whether the C compiler works
configure:2808: ./a.out
configure:2812: $? = 0
configure:2831: result: yes
configure:2838: checking whether we are cross compiling
configure:2840: result: no
configure:2843: checking for suffix of executables
configure:2850: gcc -o conftest -g -O2  -Wl,-Bsymbolic-functions conftest.c  >&5
configure:2854: $? = 0
configure:2880: result: 
configure:2886: checking for suffix of object files
configure:2912: gcc -c -g -O2  conftest.c >&5
configure:2916: $? = 0
configure:2941: result: o
configure:2945: checking whether we are using the GNU C compiler
configure:2974: gcc -c -g -O2  conftest.c >&5
configure:2981: $? = 0
configure:2998: result: yes
configure:3007: checking whether gcc accepts -g
configure:3037: gcc -c -g  conftest.c >&5
configure:3044: $? = 0
configure:3145: result: yes
configure:3162: checking for gcc option to accept ISO C89
configure:3236: gcc  -c -g -O2  conftest.c >&5
configure:3243: $? = 0
configure:3266: result: none needed
configure:3295: checking for style of include used by make
configure:3323: result: GNU
configure:3348: checking dependency style of gcc
configure:3449: result: gcc3
configure:3478: checking for a BSD-compatible install
configure:3546: result: /usr/bin/install -c
configure:3568: checking how to run the C preprocessor
configure:3608: gcc -E  conftest.c
configure:3615: $? = 0
configure:3646: gcc -E  conftest.c
conftest.c:10:28: fatal error: ac_nonexistent.h: No such file or directory
compilation terminated.
configure:3653: $? = 1
configure: failed program was:
| /* confdefs.h.  */
| #define PACKAGE_NAME "hdet"
| #define PACKAGE_TARNAME "hdet"
| #define PACKAGE_VERSION "20110527"
| #define PACKAGE_STRING "hdet 20110527"
| #define PACKAGE_BUGREPORT "see README"
| #define PACKAGE "hdet"
| #define VERSION "20110527"
| /* end confdefs.h.  */
| #include <ac_nonexistent.h>
configure:3686: result: gcc -E
configure:3715: gcc -E  conftest.c
configure:3722: $? = 0
configure:3753: gcc -E  conftest.c
conftest.c:10:28: fatal error: ac_nonexistent.h: No such file or directory
compilation terminated.
configure:3760: $? = 1
configure: failed program was:
| /* confdefs.h.  */
| #define PACKAGE_NAME "hdet"
| #define PACKAGE_TARNAME "hdet"
| #define PACKAGE_VERSION "20110527"
| #define PACKAGE_STRING "hdet 20110527"
| #define PACKAGE_BUGREPORT "see README"
| #define PACKAGE "hdet"
| #define VERSION "20110527"
| /* end confdefs.h.  */
| #include <ac_nonexistent.h>
configure:3800: checking for grep that handles long lines and -e
configure:3860: result: /bin/grep
configure:3865: checking for egrep
configure:3929: result: /bin/grep -E
configure:3934: checking for ANSI C header files
configure:3964: gcc -c -g -O2  conftest.c >&5
configure:3971: $? = 0
configure:4070: gcc -o conftest -g -O2  -Wl,-Bsymbolic-functions conftest.c  >&5
configure:4074: $? = 0
configure:4080: ./conftest
configure:4084: $? = 0
configure:4102: result: yes
configure:4126: checking for sys/types.h
configure:4147: gcc -c -g -O2  conftest.c >&5
configure:4154: $? = 0
configure:4171: result: yes
configure:4126: checking for sys/stat.h
configure:4147: gcc -c -g -O2  conftest.c >&5
configure:4154: $? = 0
configure:4171: result: yes
configure:4126: checking for stdlib.h
configure:4147: gcc -c -g -O2  conftest.c >&5
configure:4154: $? = 0
configure:4171: result: yes
configure:4126: checking for string.h
configure:4147: gcc -c -g -O2  conftest.c >&5
configure:4154: $? = 0
configure:4171: result: yes
configure:4126: checking for memory.h
configure:4147: gcc -c -g -O2  conftest.c >&5
configure:4154: $? = 0
configure:4171: result: yes
configure:4126: checking for strings.h
configure:4147: gcc -c -g -O2  conftest.c >&5
configure:4154: $? = 0
configure:4171: result: yes
configure:4126: checking for inttypes.h
configure:4147: gcc -c -g -O2  conftest.c >&5
configure:4154: $? = 0
configure:4171: result: yes
configure:4126: checking for stdint.h
configure:4147: gcc -c -g -O2  conftest.c >&5
configure:4154: $? = 0
configure:4171: result: yes
configure:4126: checking for unistd.h
configure:4147: gcc -c -g -O2  conftest.c >&5
configure:4154: $? = 0
configure:4171: result: yes
configure:4205: checking netinet/in.h usability
configure:4222: gcc -c -g -O2  conftest.c >&5
configure:4229: $? = 0
configure:4243: result: yes
configure:4247: checking netinet/in.h presence
configure:4262: gcc -E  conftest.c
configure:4269: $? = 0
configure:4283: result: yes
configure:4316: checking for netinet/in.h
configure:4325: result: yes
configure:4194: checking for stdint.h
configure:4201: result: yes
configure:4194: checking for stdlib.h
configure:4201: result: yes
configure:4194: checking for string.h
configure:4201: result: yes
configure:4194: checking for unistd.h
configure:4201: result: yes
configure:4342: checking for inline
configure:4368: gcc -c -g -O2  conftest.c >&5
configure:4375: $? = 0
configure:4393: result: inline
configure:4413: checking for int64_t
configure:4444: gcc -c -g -O2  conftest.c >&5
configure:4451: $? = 0
configure:4480: gcc -c -g -O2  conftest.c >&5
conftest.c: In function 'main':
conftest.c:62:53: warning: integer overflow in expression [-Woverflow]
conftest.c:61:12: error: size of array 'test_array' is negative
conftest.c:61:12: error: storage size of 'test_array' isn't constant
configure:4487: $? = 1
configure: failed program was:
| /* confdefs.h.  */
| #define PACKAGE_NAME "hdet"
| #define PACKAGE_TARNAME "hdet"
| #define PACKAGE_VERSION "20110527"
| #define PACKAGE_STRING "hdet 20110527"
| #define PACKAGE_BUGREPORT "see README"
| #define PACKAGE "hdet"
| #define VERSION "20110527"
| #define STDC_HEADERS 1
| #define HAVE_SYS_TYPES_H 1
| #define HAVE_SYS_STAT_H 1
| #define HAVE_STDLIB_H 1
| #define HAVE_STRING_H 1
| #define HAVE_MEMORY_H 1
| #define HAVE_STRINGS_H 1
| #define HAVE_INTTYPES_H 1
| #define HAVE_STDINT_H 1
| #define HAVE_UNISTD_H 1
| #define HAVE_NETINET_IN_H 1
| #define HAVE_STDINT_H 1
| #define HAVE_STDLIB_H 1
| #define HAVE_STRING_H 1
| #define HAVE_UNISTD_H 1
| /* end confdefs.h.  */
| #include <stdio.h>
| #ifdef HAVE_SYS_TYPES_H
| # include <sys/types.h>
| #endif
| #ifdef HAVE_SYS_STAT_H
| # include <sys/stat.h>
| #endif
| #ifdef STDC_HEADERS
| # include <stdlib.h>
| # include <stddef.h>
| #else
| # ifdef HAVE_STDLIB_H
| #  include <stdlib.h>
| # endif
| #endif
| #ifdef HAVE_STRING_H
| # if !defined STDC_HEADERS && defined HAVE_MEMORY_H
| #  include <memory.h>
| # endif
| # include <string.h>
| #endif
| #ifdef HAVE_STRINGS_H
| # include <strings.h>
| #endif
| #ifdef HAVE_INTTYPES_H
| # include <inttypes.h>
| #endif
| #ifdef HAVE_STDINT_H
| # include <stdint.h>
| #endif
| #ifdef HAVE_UNISTD_H
| # include <unistd.h>
| #endif
| int
| main ()
| {
| static int test_array [1 - 2 * !((int64_t) ((((int64_t) 1 << (64 - 2)) - 1) * 2 + 1)
| 		 < (int64_t) ((((int64_t) 1 << (64 - 2)) - 1) * 2 + 2))];
| test_array [0] = 0
| 
|   ;
|   return 0;
| }
configure:4516: result: yes
configure:4529: checking for uint16_t
configure:4560: gcc -c -g -O2  conftest.c >&5
configure:4567: $? = 0
configure:4588: result: yes
configure:4602: checking for uint32_t
configure:4633: gcc -c -g -O2  conftest.c >&5
configure:4640: $? = 0
configure:4661: result: yes
configure:4679: checking for uint8_t
configure:4710: gcc -c -g -O2  conftest.c >&5
configure:4717: $? = 0
configure:4738: result: yes
configure:4764: checking for stdlib.h
configure:4771: result: yes
configure:4910: checking for GNU libc compatible realloc
configure:4944: gcc -o conftest -g -O2  -Wl,-Bsymbolic-functions conftest.c  >&5
configure:4948: $? = 0
configure:4954: ./conftest
configure:4958: $? = 0
configure:4975: result: yes
configure:5011: checking for memset
configure:5067: gcc -o conftest -g -O2  -Wl,-Bsymbolic-functions conftest.c  >&5
conftest.c:50:6: warning: conflicting types for built-in function 'memset' [enabled by default]
configure:5074: $? = 0
configure:5096: result: yes
configure:5011: checking for strcasecmp
configure:5067: gcc -o conftest -g -O2  -Wl,-Bsymbolic-functions conftest.c  >&5
conftest.c:51:6: warning: conflicting types for built-in function 'strcasecmp' [enabled by default]
configure:5074: $? = 0
configure:5096: result: yes
configure:5011: checking for strchr
configure:5067: gcc -o conftest -g -O2  -Wl,-Bsymbolic-functions conftest.c  >&5
conftest.c:52:6: warning: conflicting types for built-in function 'strchr' [enabled by default]
configure:5074: $? = 0
configure:5096: result: yes
configure:5011: checking for strdup
configure:5067: gcc -o conftest -g -O2  -Wl,-Bsymbolic-functions conftest.c  >&5
conftest.c:53:6: warning: conflicting types for built-in function 'strdup' [enabled by default]
configure:5074: $? = 0
configure:5096: result: yes
configure:5011: checking for strncasecmp
configure:5067: gcc -o conftest -g -O2  -Wl,-Bsymbolic-functions conftest.c  >&5
conftest.c:54:6: warning: conflicting types for built-in function 'strncasecmp' [enabled by default]
configure:5074: $? = 0
configure:5096: result: yes
configure:5227: creating ./config.status

## ---------------------- ##
## Running config.status. ##
## ---------------------- ##

This file was extended by hdet config.status 20110527, which was
generated by GNU Autoconf 2.63.  Invocation command line was

  CONFIG_FILES    = 
  CONFIG_HEADERS  = 
  CONFIG_LINKS    = 
  CONFIG_COMMANDS = 
  $ ./config.status 

on easyDev2

config.status:783: creating Makefile
config.status:783: creating config.h
config.status:1005: config.h is unchanged
config.status:1057: executing depfiles commands

## ---------------- ##
## Cache variables. ##
## ---------------- ##

ac_cv_c_compiler_gnu=yes
ac_cv_c_inline=inline
ac_cv_c_int64_t=yes
ac_cv_c_uint16_t=yes
ac_cv_c_uint32_t=yes
ac_cv_c_uint8_t=yes
ac_cv_env_CC_set=
ac_cv_env_CC_value=
ac_cv_env_CFLAGS_set=set
ac_cv_env_CFLAGS_value='-g -O2'
ac_cv_env_CPPFLAGS_set=set
ac_cv_env_CPPFLAGS_value=
ac_cv_env_CPP_set=
ac_cv_env_CPP_value=
ac_cv_env_LDFLAGS_set=set
ac_cv_env_LDFLAGS_value=-Wl,-Bsymbolic-functions
ac_cv_env_LIBS_set=
ac_cv_env_LIBS_value=
ac_cv_env_build_alias_set=
ac_cv_env_build_alias_value=
ac_cv_env_host_alias_set=
ac_cv_env_host_alias_value=
ac_cv_env_target_alias_set=
ac_cv_env_target_alias_value=
ac_cv_func_memset=yes
ac_cv_func_realloc_0_nonnull=yes
ac_cv_func_strcasecmp=yes
ac_cv_func_strchr=yes
ac_cv_func_strdup=yes
ac_cv_func_strncasecmp=yes
ac_cv_header_inttypes_h=yes
ac_cv_header_memory_h=yes
ac_cv_header_netinet_in_h=yes
ac_cv_header_stdc=yes
ac_cv_header_stdint_h=yes
ac_cv_header_stdlib_h=yes
ac_cv_header_string_h=yes
ac_cv_header_strings_h=yes
ac_cv_header_sys_stat_h=yes
ac_cv_header_sys_types_h=yes
ac_cv_header_unistd_h=yes
ac_cv_objext=o
ac_cv_path_EGREP='/bin/grep -E'
ac_cv_path_GREP=/bin/grep
ac_cv_path_install='/usr/bin/install -c'
ac_cv_path_mkdir=/bin/mkdir
ac_cv_prog_AWK=gawk
ac_cv_prog_CPP='gcc -E'
ac_cv_prog_ac_ct_CC=gcc
ac_cv_prog_cc_c89=
ac_cv_prog_cc_g=yes
ac_cv_prog_make_make_set=yes
am_cv_CC_dependencies_compiler_type=gcc3

## ----------------- ##
## Output variables. ##
## ----------------- ##

ACLOCAL='${SHELL} /usr/local/src/git/raring/e/easyvdr-hdet-20110527-neu/hdet/missing --run aclocal-1.10b'
AMDEPBACKSLASH='\'
AMDEP_FALSE='#'
AMDEP_TRUE=''
AMTAR='${SHELL} /usr/local/src/git/raring/e/easyvdr-hdet-20110527-neu/hdet/missing --run tar'
AM_BACKSLASH='\'
AUTOCONF='${SHELL} /usr/local/src/git/raring/e/easyvdr-hdet-20110527-neu/hdet/missing --run autoconf'
AUTOHEADER='${SHELL} /usr/local/src/git/raring/e/easyvdr-hdet-20110527-neu/hdet/missing --run autoheader'
AUTOMAKE='${SHELL} /usr/local/src/git/raring/e/easyvdr-hdet-20110527-neu/hdet/missing --run automake-1.10b'
AWK='gawk'
CC='gcc'
CCDEPMODE='depmode=gcc3'
CFLAGS='-g -O2'
CPP='gcc -E'
CPPFLAGS=''
CYGPATH_W='echo'
DEFS='-DHAVE_CONFIG_H'
DEPDIR='.deps'
ECHO_C=''
ECHO_N='-n'
ECHO_T=''
EGREP='/bin/grep -E'
EXEEXT=''
GREP='/bin/grep'
INSTALL_DATA='${INSTALL} -m 644'
INSTALL_PROGRAM='${INSTALL}'
INSTALL_SCRIPT='${INSTALL}'
INSTALL_STRIP_PROGRAM='$(install_sh) -c -s'
LDFLAGS='-Wl,-Bsymbolic-functions'
LIBOBJS=''
LIBS=''
LTLIBOBJS=''
MAKEINFO='${SHELL} /usr/local/src/git/raring/e/easyvdr-hdet-20110527-neu/hdet/missing --run makeinfo'
MKDIR_P='/bin/mkdir -p'
OBJEXT='o'
PACKAGE='hdet'
PACKAGE_BUGREPORT='see README'
PACKAGE_NAME='hdet'
PACKAGE_STRING='hdet 20110527'
PACKAGE_TARNAME='hdet'
PACKAGE_VERSION='20110527'
PATH_SEPARATOR=':'
SET_MAKE=''
SHELL='/bin/sh'
STRIP=''
VERSION='20110527'
ac_ct_CC='gcc'
am__fastdepCC_FALSE='#'
am__fastdepCC_TRUE=''
am__include='include'
am__isrc=''
am__leading_dot='.'
am__quote=''
am__tar='${AMTAR} chof - "$$tardir"'
am__untar='${AMTAR} xf -'
bindir='${exec_prefix}/bin'
build_alias=''
datadir='${datarootdir}'
datarootdir='${prefix}/share'
docdir='${datarootdir}/doc/${PACKAGE_TARNAME}'
dvidir='${docdir}'
exec_prefix='${prefix}'
hdet_CFLAGS=''
host_alias=''
htmldir='${docdir}'
includedir='${prefix}/include'
infodir='${datarootdir}/info'
install_sh='${SHELL} /usr/local/src/git/raring/e/easyvdr-hdet-20110527-neu/hdet/install-sh'
libdir='${exec_prefix}/lib'
libexecdir='${exec_prefix}/libexec'
localedir='${datarootdir}/locale'
localstatedir='${prefix}/var'
mandir='${datarootdir}/man'
mkdir_p='/bin/mkdir -p'
oldincludedir='/usr/include'
pdfdir='${docdir}'
prefix='/usr'
program_transform_name='s,x,x,'
psdir='${docdir}'
sbindir='${exec_prefix}/sbin'
sharedstatedir='${prefix}/com'
sysconfdir='${prefix}/etc'
target_alias=''

## ----------- ##
## confdefs.h. ##
## ----------- ##

#define PACKAGE_NAME "hdet"
#define PACKAGE_TARNAME "hdet"
#define PACKAGE_VERSION "20110527"
#define PACKAGE_STRING "hdet 20110527"
#define PACKAGE_BUGREPORT "see README"
#define PACKAGE "hdet"
#define VERSION "20110527"
#define STDC_HEADERS 1
#define HAVE_SYS_TYPES_H 1
#define HAVE_SYS_STAT_H 1
#define HAVE_STDLIB_H 1
#define HAVE_STRING_H 1
#define HAVE_MEMORY_H 1
#define HAVE_STRINGS_H 1
#define HAVE_INTTYPES_H 1
#define HAVE_STDINT_H 1
#define HAVE_UNISTD_H 1
#define HAVE_NETINET_IN_H 1
#define HAVE_STDINT_H 1
#define HAVE_STDLIB_H 1
#define HAVE_STRING_H 1
#define HAVE_UNISTD_H 1
#define HAVE_STDLIB_H 1
#define HAVE_REALLOC 1
#define HAVE_MEMSET 1
#define HAVE_STRCASECMP 1
#define HAVE_STRCHR 1
#define HAVE_STRDUP 1
#define HAVE_STRNCASECMP 1

configure: exit 0
